<?xml version="1.0" encoding="UTF-8"?>
<!-- Generated by org.testng.reporters.JUnitReportReporter -->
<testsuite skipped="0" hostname="LAPTOP-MOTMPJ0P" name="com.amazon.qa.testcases.LoginPageFunctionalityTest" tests="2" failures="0" timestamp="19 Jun 2021 07:52:03 GMT" time="31.057" errors="0">
  <testcase name="homePageTitlle" time="12.998" classname="com.amazon.qa.testcases.LoginPageFunctionalityTest"/>
  <testcase name="verifySignIn" time="18.059" classname="com.amazon.qa.testcases.LoginPageFunctionalityTest"/>
</testsuite> <!-- com.amazon.qa.testcases.LoginPageFunctionalityTest -->
