<?xml version="1.0" encoding="UTF-8"?>
<!-- Generated by org.testng.reporters.JUnitReportReporter -->
<testsuite skipped="0" hostname="LAPTOP-MOTMPJ0P" name="com.amazon.qa.testcases.LoginPageFunctionalityTest" tests="3" failures="0" timestamp="21 Jun 2021 16:16:50 GMT" time="81.277" errors="0">
  <testcase name="homePageTitlle" time="14.213" classname="com.amazon.qa.testcases.LoginPageFunctionalityTest"/>
  <testcase name="verifySignIn" time="29.161" classname="com.amazon.qa.testcases.LoginPageFunctionalityTest"/>
  <testcase name="selectItem" time="37.903" classname="com.amazon.qa.testcases.LoginPageFunctionalityTest"/>
</testsuite> <!-- com.amazon.qa.testcases.LoginPageFunctionalityTest -->
