<?xml version="1.0" encoding="UTF-8"?>
<!-- Generated by org.testng.reporters.JUnitReportReporter -->
<testsuite skipped="0" hostname="LAPTOP-MOTMPJ0P" name="com.amazon.qa.testcases.LoginPageFunctionalityTest" tests="3" failures="0" timestamp="22 Jun 2021 04:32:55 GMT" time="51.395" errors="0">
  <testcase name="homePageTitlle" time="12.384" classname="com.amazon.qa.testcases.LoginPageFunctionalityTest"/>
  <testcase name="verifySignIn" time="13.899" classname="com.amazon.qa.testcases.LoginPageFunctionalityTest"/>
  <testcase name="selectItem" time="25.112" classname="com.amazon.qa.testcases.LoginPageFunctionalityTest"/>
</testsuite> <!-- com.amazon.qa.testcases.LoginPageFunctionalityTest -->
