<?xml version="1.0" encoding="UTF-8"?>
<!-- Generated by org.testng.reporters.JUnitReportReporter -->
<testsuite skipped="0" hostname="LAPTOP-MOTMPJ0P" name="com.amazon.qa.testcases.LoginPageFunctionalityTest" tests="2" failures="0" timestamp="19 Jun 2021 07:50:39 GMT" time="30.427" errors="0">
  <testcase name="homePageTitlle" time="12.508" classname="com.amazon.qa.testcases.LoginPageFunctionalityTest"/>
  <testcase name="verifySignIn" time="17.919" classname="com.amazon.qa.testcases.LoginPageFunctionalityTest"/>
</testsuite> <!-- com.amazon.qa.testcases.LoginPageFunctionalityTest -->
